<?xml version="1.0" encoding="UTF-8"?>
<!-- Generated by org.testng.reporters.JUnitReportReporter -->
<testsuite hostname="P4A-DQNMX52" name="executionEngine.DriverScript" tests="1" failures="0" timestamp="27 Nov 2018 05:31:09 GMT" time="10.907" errors="0">
  <testcase name="ExecutionScript" time="10.907" classname="executionEngine.DriverScript"/>
</testsuite> <!-- executionEngine.DriverScript -->
